<?xml version="1.0" encoding="UTF-8"?>
<testsuite xmlns:xsi="http://www.w3.org/2001/XMLSchema-instance" xsi:noNamespaceSchemaLocation="https://maven.apache.org/surefire/maven-surefire-plugin/xsd/surefire-test-report.xsd" name="TestSuite" time="53.377" tests="1" errors="0" skipped="0" failures="0">
  <properties>
    <property name="gopherProxySet" value="false"/>
    <property name="awt.toolkit" value="sun.lwawt.macosx.LWCToolkit"/>
    <property name="file.encoding.pkg" value="sun.io"/>
    <property name="java.specification.version" value="1.8"/>
    <property name="sun.cpu.isalist" value=""/>
    <property name="sun.jnu.encoding" value="UTF-8"/>
    <property name="java.class.path" value="/Users/sumeetpanjabi/Documents/AutomationFramework/HotwireAssignment/target/test-classes:/Users/sumeetpanjabi/Documents/AutomationFramework/HotwireAssignment/target/classes:/Users/sumeetpanjabi/.m2/repository/org/seleniumhq/selenium/selenium-chrome-driver/3.141.59/selenium-chrome-driver-3.141.59.jar:/Users/sumeetpanjabi/.m2/repository/org/seleniumhq/selenium/selenium-api/3.141.59/selenium-api-3.141.59.jar:/Users/sumeetpanjabi/.m2/repository/org/seleniumhq/selenium/selenium-remote-driver/3.141.59/selenium-remote-driver-3.141.59.jar:/Users/sumeetpanjabi/.m2/repository/net/bytebuddy/byte-buddy/1.8.15/byte-buddy-1.8.15.jar:/Users/sumeetpanjabi/.m2/repository/org/apache/commons/commons-exec/1.3/commons-exec-1.3.jar:/Users/sumeetpanjabi/.m2/repository/com/google/guava/guava/25.0-jre/guava-25.0-jre.jar:/Users/sumeetpanjabi/.m2/repository/com/google/code/findbugs/jsr305/1.3.9/jsr305-1.3.9.jar:/Users/sumeetpanjabi/.m2/repository/org/checkerframework/checker-compat-qual/2.0.0/checker-compat-qual-2.0.0.jar:/Users/sumeetpanjabi/.m2/repository/com/google/errorprone/error_prone_annotations/2.1.3/error_prone_annotations-2.1.3.jar:/Users/sumeetpanjabi/.m2/repository/com/google/j2objc/j2objc-annotations/1.1/j2objc-annotations-1.1.jar:/Users/sumeetpanjabi/.m2/repository/org/codehaus/mojo/animal-sniffer-annotations/1.14/animal-sniffer-annotations-1.14.jar:/Users/sumeetpanjabi/.m2/repository/com/squareup/okhttp3/okhttp/3.11.0/okhttp-3.11.0.jar:/Users/sumeetpanjabi/.m2/repository/com/squareup/okio/okio/1.14.0/okio-1.14.0.jar:/Users/sumeetpanjabi/.m2/repository/org/seleniumhq/selenium/selenium-support/3.141.59/selenium-support-3.141.59.jar:/Users/sumeetpanjabi/.m2/repository/org/testng/testng/7.0.0/testng-7.0.0.jar:/Users/sumeetpanjabi/.m2/repository/com/beust/jcommander/1.72/jcommander-1.72.jar:/Users/sumeetpanjabi/.m2/repository/io/github/bonigarcia/webdrivermanager/3.7.1/webdrivermanager-3.7.1.jar:/Users/sumeetpanjabi/.m2/repository/org/slf4j/slf4j-api/1.7.25/slf4j-api-1.7.25.jar:/Users/sumeetpanjabi/.m2/repository/commons-io/commons-io/2.6/commons-io-2.6.jar:/Users/sumeetpanjabi/.m2/repository/com/google/code/gson/gson/2.8.5/gson-2.8.5.jar:/Users/sumeetpanjabi/.m2/repository/org/apache/commons/commons-lang3/3.8.1/commons-lang3-3.8.1.jar:/Users/sumeetpanjabi/.m2/repository/org/apache/httpcomponents/httpclient/4.5.6/httpclient-4.5.6.jar:/Users/sumeetpanjabi/.m2/repository/org/apache/httpcomponents/httpcore/4.4.10/httpcore-4.4.10.jar:/Users/sumeetpanjabi/.m2/repository/commons-logging/commons-logging/1.2/commons-logging-1.2.jar:/Users/sumeetpanjabi/.m2/repository/commons-codec/commons-codec/1.10/commons-codec-1.10.jar:/Users/sumeetpanjabi/.m2/repository/org/rauschig/jarchivelib/1.0.0/jarchivelib-1.0.0.jar:/Users/sumeetpanjabi/.m2/repository/org/apache/commons/commons-compress/1.18/commons-compress-1.18.jar:/Users/sumeetpanjabi/.m2/repository/org/jsoup/jsoup/1.11.3/jsoup-1.11.3.jar:/Users/sumeetpanjabi/.m2/repository/org/seleniumhq/selenium/selenium-firefox-driver/3.141.59/selenium-firefox-driver-3.141.59.jar:"/>
    <property name="java.vm.vendor" value="Oracle Corporation"/>
    <property name="sun.arch.data.model" value="64"/>
    <property name="java.vendor.url" value="http://java.oracle.com/"/>
    <property name="user.timezone" value=""/>
    <property name="user.country.format" value="IN"/>
    <property name="java.vm.specification.version" value="1.8"/>
    <property name="os.name" value="Mac OS X"/>
    <property name="user.country" value="GB"/>
    <property name="sun.java.launcher" value="SUN_STANDARD"/>
    <property name="sun.boot.library.path" value="/Library/Java/JavaVirtualMachines/jdk1.8.0_181.jdk/Contents/Home/jre/lib"/>
    <property name="sun.java.command" value="/Users/sumeetpanjabi/Documents/AutomationFramework/HotwireAssignment/target/surefire/surefirebooter2760070541580474924.jar /Users/sumeetpanjabi/Documents/AutomationFramework/HotwireAssignment/target/surefire 2019-11-12T10-25-49_540-jvmRun1 surefire924535247014223347tmp surefire_01328782436297195580tmp"/>
    <property name="surefire.test.class.path" value="/Users/sumeetpanjabi/Documents/AutomationFramework/HotwireAssignment/target/test-classes:/Users/sumeetpanjabi/Documents/AutomationFramework/HotwireAssignment/target/classes:/Users/sumeetpanjabi/.m2/repository/org/seleniumhq/selenium/selenium-chrome-driver/3.141.59/selenium-chrome-driver-3.141.59.jar:/Users/sumeetpanjabi/.m2/repository/org/seleniumhq/selenium/selenium-api/3.141.59/selenium-api-3.141.59.jar:/Users/sumeetpanjabi/.m2/repository/org/seleniumhq/selenium/selenium-remote-driver/3.141.59/selenium-remote-driver-3.141.59.jar:/Users/sumeetpanjabi/.m2/repository/net/bytebuddy/byte-buddy/1.8.15/byte-buddy-1.8.15.jar:/Users/sumeetpanjabi/.m2/repository/org/apache/commons/commons-exec/1.3/commons-exec-1.3.jar:/Users/sumeetpanjabi/.m2/repository/com/google/guava/guava/25.0-jre/guava-25.0-jre.jar:/Users/sumeetpanjabi/.m2/repository/com/google/code/findbugs/jsr305/1.3.9/jsr305-1.3.9.jar:/Users/sumeetpanjabi/.m2/repository/org/checkerframework/checker-compat-qual/2.0.0/checker-compat-qual-2.0.0.jar:/Users/sumeetpanjabi/.m2/repository/com/google/errorprone/error_prone_annotations/2.1.3/error_prone_annotations-2.1.3.jar:/Users/sumeetpanjabi/.m2/repository/com/google/j2objc/j2objc-annotations/1.1/j2objc-annotations-1.1.jar:/Users/sumeetpanjabi/.m2/repository/org/codehaus/mojo/animal-sniffer-annotations/1.14/animal-sniffer-annotations-1.14.jar:/Users/sumeetpanjabi/.m2/repository/com/squareup/okhttp3/okhttp/3.11.0/okhttp-3.11.0.jar:/Users/sumeetpanjabi/.m2/repository/com/squareup/okio/okio/1.14.0/okio-1.14.0.jar:/Users/sumeetpanjabi/.m2/repository/org/seleniumhq/selenium/selenium-support/3.141.59/selenium-support-3.141.59.jar:/Users/sumeetpanjabi/.m2/repository/org/testng/testng/7.0.0/testng-7.0.0.jar:/Users/sumeetpanjabi/.m2/repository/com/beust/jcommander/1.72/jcommander-1.72.jar:/Users/sumeetpanjabi/.m2/repository/io/github/bonigarcia/webdrivermanager/3.7.1/webdrivermanager-3.7.1.jar:/Users/sumeetpanjabi/.m2/repository/org/slf4j/slf4j-api/1.7.25/slf4j-api-1.7.25.jar:/Users/sumeetpanjabi/.m2/repository/commons-io/commons-io/2.6/commons-io-2.6.jar:/Users/sumeetpanjabi/.m2/repository/com/google/code/gson/gson/2.8.5/gson-2.8.5.jar:/Users/sumeetpanjabi/.m2/repository/org/apache/commons/commons-lang3/3.8.1/commons-lang3-3.8.1.jar:/Users/sumeetpanjabi/.m2/repository/org/apache/httpcomponents/httpclient/4.5.6/httpclient-4.5.6.jar:/Users/sumeetpanjabi/.m2/repository/org/apache/httpcomponents/httpcore/4.4.10/httpcore-4.4.10.jar:/Users/sumeetpanjabi/.m2/repository/commons-logging/commons-logging/1.2/commons-logging-1.2.jar:/Users/sumeetpanjabi/.m2/repository/commons-codec/commons-codec/1.10/commons-codec-1.10.jar:/Users/sumeetpanjabi/.m2/repository/org/rauschig/jarchivelib/1.0.0/jarchivelib-1.0.0.jar:/Users/sumeetpanjabi/.m2/repository/org/apache/commons/commons-compress/1.18/commons-compress-1.18.jar:/Users/sumeetpanjabi/.m2/repository/org/jsoup/jsoup/1.11.3/jsoup-1.11.3.jar:/Users/sumeetpanjabi/.m2/repository/org/seleniumhq/selenium/selenium-firefox-driver/3.141.59/selenium-firefox-driver-3.141.59.jar:"/>
    <property name="sun.cpu.endian" value="little"/>
    <property name="user.home" value="/Users/sumeetpanjabi"/>
    <property name="user.language" value="en"/>
    <property name="java.specification.vendor" value="Oracle Corporation"/>
    <property name="java.home" value="/Library/Java/JavaVirtualMachines/jdk1.8.0_181.jdk/Contents/Home/jre"/>
    <property name="basedir" value="/Users/sumeetpanjabi/Documents/AutomationFramework/HotwireAssignment"/>
    <property name="file.separator" value="/"/>
    <property name="line.separator" value="&#10;"/>
    <property name="java.vm.specification.vendor" value="Oracle Corporation"/>
    <property name="java.specification.name" value="Java Platform API Specification"/>
    <property name="java.awt.graphicsenv" value="sun.awt.CGraphicsEnvironment"/>
    <property name="surefire.real.class.path" value="/Users/sumeetpanjabi/Documents/AutomationFramework/HotwireAssignment/target/surefire/surefirebooter2760070541580474924.jar"/>
    <property name="sun.boot.class.path" value="/Library/Java/JavaVirtualMachines/jdk1.8.0_181.jdk/Contents/Home/jre/lib/resources.jar:/Library/Java/JavaVirtualMachines/jdk1.8.0_181.jdk/Contents/Home/jre/lib/rt.jar:/Library/Java/JavaVirtualMachines/jdk1.8.0_181.jdk/Contents/Home/jre/lib/sunrsasign.jar:/Library/Java/JavaVirtualMachines/jdk1.8.0_181.jdk/Contents/Home/jre/lib/jsse.jar:/Library/Java/JavaVirtualMachines/jdk1.8.0_181.jdk/Contents/Home/jre/lib/jce.jar:/Library/Java/JavaVirtualMachines/jdk1.8.0_181.jdk/Contents/Home/jre/lib/charsets.jar:/Library/Java/JavaVirtualMachines/jdk1.8.0_181.jdk/Contents/Home/jre/lib/jfr.jar:/Library/Java/JavaVirtualMachines/jdk1.8.0_181.jdk/Contents/Home/jre/classes"/>
    <property name="sun.management.compiler" value="HotSpot 64-Bit Tiered Compilers"/>
    <property name="java.runtime.version" value="1.8.0_181-b13"/>
    <property name="user.name" value="sumeetpanjabi"/>
    <property name="path.separator" value=":"/>
    <property name="os.version" value="10.14.6"/>
    <property name="java.endorsed.dirs" value="/Library/Java/JavaVirtualMachines/jdk1.8.0_181.jdk/Contents/Home/jre/lib/endorsed"/>
    <property name="java.runtime.name" value="Java(TM) SE Runtime Environment"/>
    <property name="file.encoding" value="UTF-8"/>
    <property name="java.vm.name" value="Java HotSpot(TM) 64-Bit Server VM"/>
    <property name="localRepository" value="/Users/sumeetpanjabi/.m2/repository"/>
    <property name="java.vendor.url.bug" value="http://bugreport.sun.com/bugreport/"/>
    <property name="java.io.tmpdir" value="/var/folders/l9/nsf27pc55px9nry1m4ywv0bh0000gp/T/"/>
    <property name="java.version" value="1.8.0_181"/>
    <property name="user.dir" value="/Users/sumeetpanjabi/Documents/AutomationFramework/HotwireAssignment"/>
    <property name="os.arch" value="x86_64"/>
    <property name="java.vm.specification.name" value="Java Virtual Machine Specification"/>
    <property name="java.awt.printerjob" value="sun.lwawt.macosx.CPrinterJob"/>
    <property name="sun.os.patch.level" value="unknown"/>
    <property name="java.library.path" value="/Users/sumeetpanjabi/Library/Java/Extensions:/Library/Java/Extensions:/Network/Library/Java/Extensions:/System/Library/Java/Extensions:/usr/lib/java:."/>
    <property name="java.vm.info" value="mixed mode"/>
    <property name="java.vendor" value="Oracle Corporation"/>
    <property name="java.vm.version" value="25.181-b13"/>
    <property name="java.ext.dirs" value="/Users/sumeetpanjabi/Library/Java/Extensions:/Library/Java/JavaVirtualMachines/jdk1.8.0_181.jdk/Contents/Home/jre/lib/ext:/Library/Java/Extensions:/Network/Library/Java/Extensions:/System/Library/Java/Extensions:/usr/lib/java"/>
    <property name="sun.io.unicode.encoding" value="UnicodeBig"/>
    <property name="java.class.version" value="52.0"/>
  </properties>
  <testcase name="searchFlight" classname="flights.SearchFlightTest" time="22.022"/>
</testsuite>