<?xml version="1.0" encoding="UTF-8"?>
<!-- Generated by org.testng.reporters.JUnitReportReporter -->
<testsuite skipped="0" hostname="sysadmins-MacBook-Pro-10.local" name="flights.SearchFlightTest" tests="1" failures="0" timestamp="2019-11-12T10:26:42 IST" time="22.020" errors="0">
  <testcase name="searchFlight" time="22.020" classname="flights.SearchFlightTest"/>
</testsuite> <!-- flights.SearchFlightTest -->
